<?xml version="1.0" encoding="UTF-8"?>
<testsuite xmlns:xsi="http://www.w3.org/2001/XMLSchema-instance" xsi:noNamespaceSchemaLocation="https://maven.apache.org/surefire/maven-surefire-plugin/xsd/surefire-test-report-3.0.xsd" version="3.0" name="br.com.drky.gestor_app.dao.ClienteDAOTest" time="1.904" tests="15" errors="0" skipped="0" failures="0">
  <properties>
[...]
</properties>
  <testcase name="atualizarCliente_comEmailNulo_deveDefinirEmailComoNull" classname="br.com.drky.gestor_app.dao.ClienteDAOTest" time="0.448"/>
  <testcase name="buscaClientePorId_existente_deveRetornarCliente" classname="br.com.drky.gestor_app.dao.ClienteDAOTest" time="0.004"/>
  <testcase name="buscaTodosOsClientes_naoDeveRetornarExcluidos" classname="br.com.drky.gestor_app.dao.ClienteDAOTest" time="0.005"/>
  <testcase name="buscaNaoSincronizados_deveRetornarApenasNaoSincronizados" classname="br.com.drky.gestor_app.dao.ClienteDAOTest" time="0.003"/>
  <testcase name="atualizarCliente_deveMarcaComoNaoSincronizado" classname="br.com.drky.gestor_app.dao.ClienteDAOTest" time="0.004"/>
  <testcase name="buscaTodosOsClientes_comRegistros_deveRetornarTodos" classname="br.com.drky.gestor_app.dao.ClienteDAOTest" time="0.003"/>
  <testcase name="buscaTodosOsClientes_semRegistros_deveRetornarListaVazia" classname="br.com.drky.gestor_app.dao.ClienteDAOTest" time="0.003"/>
  <testcase name="atualizarCliente_deveAlterarTelefoneEEmail" classname="br.com.drky.gestor_app.dao.ClienteDAOTest" time="0.003"/>
  <testcase name="inserirCliente_comEmailPreenchido_deveRetornarSucesso" classname="br.com.drky.gestor_app.dao.ClienteDAOTest" time="0.014"/>
  <testcase name="excluirCliente_deveRemoverRegistroFisicamente" classname="br.com.drky.gestor_app.dao.ClienteDAOTest" time="0.003"/>
  <testcase name="buscaClientePorId_inexistente_deveRetornarNull" classname="br.com.drky.gestor_app.dao.ClienteDAOTest" time="0.002"/>
  <testcase name="excluirClienteLogico_deveMarcarComoExcluido" classname="br.com.drky.gestor_app.dao.ClienteDAOTest" time="0.003"/>
  <testcase name="atualizarStatusSincronizacao_deveMarcarComoSincronizado" classname="br.com.drky.gestor_app.dao.ClienteDAOTest" time="0.002"/>
  <testcase name="inserirCliente_juridico_deveRetornarSucesso" classname="br.com.drky.gestor_app.dao.ClienteDAOTest" time="0.001"/>
  <testcase name="inserirCliente_comEmailNulo_deveRetornarSucesso" classname="br.com.drky.gestor_app.dao.ClienteDAOTest" time="0.001"/>
</testsuite>