<?xml version="1.0" encoding="UTF-8"?>
<testsuite xmlns:xsi="http://www.w3.org/2001/XMLSchema-instance" xsi:noNamespaceSchemaLocation="https://maven.apache.org/surefire/maven-surefire-plugin/xsd/surefire-test-report-3.0.xsd" version="3.0" name="br.com.drky.gestor_app.service.ClienteServiceTest" time="0.015" tests="26" errors="0" skipped="0" failures="0">
  <properties>
[...]
</properties>
  <testcase name="cpfValido_semMascara_deveRetornarTrue" classname="br.com.drky.gestor_app.service.ClienteServiceTest" time="0.0"/>
  <testcase name="cpfInvalido_digitosVerificadoresErrados_deveRetornarFalse" classname="br.com.drky.gestor_app.service.ClienteServiceTest" time="0.0"/>
  <testcase name="cnpjValido_semMascara_deveRetornarTrue" classname="br.com.drky.gestor_app.service.ClienteServiceTest" time="0.0"/>
  <testcase name="cpfInvalido_sequenciaDeTres_deveRetornarFalse" classname="br.com.drky.gestor_app.service.ClienteServiceTest" time="0.0"/>
  <testcase name="cpfInvalido_vazio_deveRetornarFalse" classname="br.com.drky.gestor_app.service.ClienteServiceTest" time="0.0"/>
  <testcase name="cpfInvalido_maisDigitos_deveRetornarFalse" classname="br.com.drky.gestor_app.service.ClienteServiceTest" time="0.0"/>
  <testcase name="cpfInvalido_sequenciaDeDois_deveRetornarFalse" classname="br.com.drky.gestor_app.service.ClienteServiceTest" time="0.0"/>
  <testcase name="cnpjInvalido_maisDigitos_deveRetornarFalse" classname="br.com.drky.gestor_app.service.ClienteServiceTest" time="0.0"/>
  <testcase name="cpfInvalido_menosDigitos_deveRetornarFalse" classname="br.com.drky.gestor_app.service.ClienteServiceTest" time="0.0"/>
  <testcase name="cnpjValido_outroExemplo_deveRetornarTrue" classname="br.com.drky.gestor_app.service.ClienteServiceTest" time="0.0"/>
  <testcase name="cpfInvalido_sequenciaDeNoves_deveRetornarFalse" classname="br.com.drky.gestor_app.service.ClienteServiceTest" time="0.001"/>
  <testcase name="cpfValido_comEspacos_naoDeveSerAceitoComoDiferenteDaVersaoSemEspaco" classname="br.com.drky.gestor_app.service.ClienteServiceTest" time="0.0"/>
  <testcase name="cpfInvalido_sequenciaDeUns_deveRetornarFalse" classname="br.com.drky.gestor_app.service.ClienteServiceTest" time="0.001"/>
  <testcase name="cpfInvalido_apenasLetras_deveRetornarFalse" classname="br.com.drky.gestor_app.service.ClienteServiceTest" time="0.0"/>
  <testcase name="cpfInvalido_sequenciaDeZeros_deveRetornarFalse" classname="br.com.drky.gestor_app.service.ClienteServiceTest" time="0.0"/>
  <testcase name="cnpjInvalido_vazio_deveRetornarFalse" classname="br.com.drky.gestor_app.service.ClienteServiceTest" time="0.001"/>
  <testcase name="cpfValido_comMascara_deveRetornarTrue" classname="br.com.drky.gestor_app.service.ClienteServiceTest" time="0.0"/>
  <testcase name="cnpjValido_comDiferentesFormatacoes_deveRetornarMesmoResultado" classname="br.com.drky.gestor_app.service.ClienteServiceTest" time="0.0"/>
  <testcase name="cnpjInvalido_sequenciaDeUns_deveRetornarFalse" classname="br.com.drky.gestor_app.service.ClienteServiceTest" time="0.001"/>
  <testcase name="cnpjInvalido_menosDigitos_deveRetornarFalse" classname="br.com.drky.gestor_app.service.ClienteServiceTest" time="0.001"/>
  <testcase name="cnpjValido_comMascara_deveRetornarTrue" classname="br.com.drky.gestor_app.service.ClienteServiceTest" time="0.0"/>
  <testcase name="cpfValido_outroExemplo_deveRetornarTrue" classname="br.com.drky.gestor_app.service.ClienteServiceTest" time="0.0"/>
  <testcase name="cnpjInvalido_apenasLetras_deveRetornarFalse" classname="br.com.drky.gestor_app.service.ClienteServiceTest" time="0.001"/>
  <testcase name="cnpjInvalido_sequenciaDeNoves_deveRetornarFalse" classname="br.com.drky.gestor_app.service.ClienteServiceTest" time="0.0"/>
  <testcase name="cnpjInvalido_digitosVerificadoresErrados_deveRetornarFalse" classname="br.com.drky.gestor_app.service.ClienteServiceTest" time="0.0"/>
  <testcase name="cnpjInvalido_sequenciaDeZeros_deveRetornarFalse" classname="br.com.drky.gestor_app.service.ClienteServiceTest" time="0.001"/>
</testsuite>